::1 - - [21/Jul/2017:01:47:31 +0000] "GET / HTTP/1.1" 304 - "-" "Mozilla/5.0 (Windows NT 6.1; WOW64) AppleWebKit/537.36 (KHTML, like Gecko) Chrome/49.0.2623.22 Safari/537.36 SE 2.X MetaSr 1.0"
::1 - - [21/Jul/2017:01:47:31 +0000] "GET /app.js HTTP/1.1" 200 2158674 "http://localhost:8082/" "Mozilla/5.0 (Windows NT 6.1; WOW64) AppleWebKit/537.36 (KHTML, like Gecko) Chrome/49.0.2623.22 Safari/537.36 SE 2.X MetaSr 1.0"
::1 - - [21/Jul/2017:01:47:35 +0000] "GET /a5b9a9839618b3dec7d8.hot-update.json HTTP/1.1" 404 175 "http://localhost:8082/" "Mozilla/5.0 (iPhone; CPU iPhone OS 9_1 like Mac OS X) AppleWebKit/601.1.46 (KHTML, like Gecko) Version/9.0 Mobile/13B143 Safari/601.1"
::1 - - [21/Jul/2017:01:47:35 +0000] "GET / HTTP/1.1" 304 - "http://localhost:8082/" "Mozilla/5.0 (iPhone; CPU iPhone OS 9_1 like Mac OS X) AppleWebKit/601.1.46 (KHTML, like Gecko) Version/9.0 Mobile/13B143 Safari/601.1"
::1 - - [21/Jul/2017:01:47:35 +0000] "GET /__webpack_hmr HTTP/1.1" 200 - "http://localhost:8082/" "Mozilla/5.0 (iPhone; CPU iPhone OS 9_1 like Mac OS X) AppleWebKit/601.1.46 (KHTML, like Gecko) Version/9.0 Mobile/13B143 Safari/601.1"
::1 - - [21/Jul/2017:01:47:35 +0000] "GET /app.js HTTP/1.1" 200 2158674 "http://localhost:8082/" "Mozilla/5.0 (iPhone; CPU iPhone OS 9_1 like Mac OS X) AppleWebKit/601.1.46 (KHTML, like Gecko) Version/9.0 Mobile/13B143 Safari/601.1"
::1 - - [21/Jul/2017:01:47:35 +0000] "GET / HTTP/1.1" 304 - "-" "Mozilla/5.0 (Windows NT 6.1; WOW64) AppleWebKit/537.36 (KHTML, like Gecko) Chrome/49.0.2623.22 Safari/537.36 SE 2.X MetaSr 1.0"
::1 - - [21/Jul/2017:01:47:35 +0000] "GET /__webpack_hmr HTTP/1.1" 200 - "http://localhost:8082/" "Mozilla/5.0 (Windows NT 6.1; WOW64) AppleWebKit/537.36 (KHTML, like Gecko) Chrome/49.0.2623.22 Safari/537.36 SE 2.X MetaSr 1.0"
::1 - - [21/Jul/2017:01:47:35 +0000] "GET /app.js HTTP/1.1" 304 - "http://localhost:8082/" "Mozilla/5.0 (Windows NT 6.1; WOW64) AppleWebKit/537.36 (KHTML, like Gecko) Chrome/49.0.2623.22 Safari/537.36 SE 2.X MetaSr 1.0"
::1 - - [21/Jul/2017:01:47:35 +0000] "GET /favicon.ico HTTP/1.1" 404 150 "-" "Mozilla/5.0 (Windows NT 6.1; WOW64) AppleWebKit/537.36 (KHTML, like Gecko) Chrome/49.0.2623.22 Safari/537.36 SE 2.X MetaSr 1.0"
::1 - - [21/Jul/2017:01:47:35 +0000] "GET /favicon.ico HTTP/1.1" 404 150 "-" "Mozilla/5.0 (Windows NT 6.1; WOW64) AppleWebKit/537.36 (KHTML, like Gecko) Chrome/49.0.2623.22 Safari/537.36 SE 2.X MetaSr 1.0"
::1 - - [21/Jul/2017:01:47:36 +0000] "GET / HTTP/1.1" 304 - "-" "Mozilla/5.0 (Windows NT 6.1; WOW64) AppleWebKit/537.36 (KHTML, like Gecko) Chrome/49.0.2623.22 Safari/537.36 SE 2.X MetaSr 1.0"
::1 - - [21/Jul/2017:01:47:36 +0000] "GET /__webpack_hmr HTTP/1.1" 200 - "http://localhost:8082/" "Mozilla/5.0 (Windows NT 6.1; WOW64) AppleWebKit/537.36 (KHTML, like Gecko) Chrome/49.0.2623.22 Safari/537.36 SE 2.X MetaSr 1.0"
::1 - - [21/Jul/2017:01:47:36 +0000] "GET /app.js HTTP/1.1" 304 - "http://localhost:8082/" "Mozilla/5.0 (Windows NT 6.1; WOW64) AppleWebKit/537.36 (KHTML, like Gecko) Chrome/49.0.2623.22 Safari/537.36 SE 2.X MetaSr 1.0"
::1 - - [21/Jul/2017:01:49:47 +0000] "GET / HTTP/1.1" 304 - "-" "Mozilla/5.0 (Windows NT 6.1; WOW64) AppleWebKit/537.36 (KHTML, like Gecko) Chrome/49.0.2623.22 Safari/537.36 SE 2.X MetaSr 1.0"
::1 - - [21/Jul/2017:01:49:47 +0000] "GET /app.js HTTP/1.1" 304 - "http://localhost:8082/" "Mozilla/5.0 (Windows NT 6.1; WOW64) AppleWebKit/537.36 (KHTML, like Gecko) Chrome/49.0.2623.22 Safari/537.36 SE 2.X MetaSr 1.0"
::1 - - [21/Jul/2017:01:49:51 +0000] "GET /favicon.ico HTTP/1.1" 404 150 "-" "Mozilla/5.0 (Windows NT 6.1; WOW64) AppleWebKit/537.36 (KHTML, like Gecko) Chrome/49.0.2623.22 Safari/537.36 SE 2.X MetaSr 1.0"
::1 - - [21/Jul/2017:01:49:51 +0000] "GET /favicon.ico HTTP/1.1" 404 150 "-" "Mozilla/5.0 (Windows NT 6.1; WOW64) AppleWebKit/537.36 (KHTML, like Gecko) Chrome/49.0.2623.22 Safari/537.36 SE 2.X MetaSr 1.0"
::1 - - [21/Jul/2017:01:49:56 +0000] "GET / HTTP/1.1" 304 - "-" "Mozilla/5.0 (Windows NT 6.1; WOW64) AppleWebKit/537.36 (KHTML, like Gecko) Chrome/49.0.2623.22 Safari/537.36 SE 2.X MetaSr 1.0"
::1 - - [21/Jul/2017:01:49:56 +0000] "GET /__webpack_hmr HTTP/1.1" 200 - "http://localhost:8082/" "Mozilla/5.0 (Windows NT 6.1; WOW64) AppleWebKit/537.36 (KHTML, like Gecko) Chrome/49.0.2623.22 Safari/537.36 SE 2.X MetaSr 1.0"
::1 - - [21/Jul/2017:01:49:56 +0000] "GET /app.js HTTP/1.1" 304 - "http://localhost:8082/" "Mozilla/5.0 (Windows NT 6.1; WOW64) AppleWebKit/537.36 (KHTML, like Gecko) Chrome/49.0.2623.22 Safari/537.36 SE 2.X MetaSr 1.0"
::1 - - [21/Jul/2017:01:58:35 +0000] "GET / HTTP/1.1" 304 - "http://localhost:8082/" "Mozilla/5.0 (iPhone; CPU iPhone OS 9_1 like Mac OS X) AppleWebKit/601.1.46 (KHTML, like Gecko) Version/9.0 Mobile/13B143 Safari/601.1"
::1 - - [21/Jul/2017:01:58:35 +0000] "GET /__webpack_hmr HTTP/1.1" 200 - "http://localhost:8082/" "Mozilla/5.0 (iPhone; CPU iPhone OS 9_1 like Mac OS X) AppleWebKit/601.1.46 (KHTML, like Gecko) Version/9.0 Mobile/13B143 Safari/601.1"
::1 - - [21/Jul/2017:01:58:35 +0000] "GET /app.js HTTP/1.1" 304 - "http://localhost:8082/" "Mozilla/5.0 (iPhone; CPU iPhone OS 9_1 like Mac OS X) AppleWebKit/601.1.46 (KHTML, like Gecko) Version/9.0 Mobile/13B143 Safari/601.1"
::1 - - [21/Jul/2017:01:58:37 +0000] "GET / HTTP/1.1" 304 - "http://localhost:8082/" "Mozilla/5.0 (iPhone; CPU iPhone OS 9_1 like Mac OS X) AppleWebKit/601.1.46 (KHTML, like Gecko) Version/9.0 Mobile/13B143 Safari/601.1"
::1 - - [21/Jul/2017:01:58:37 +0000] "GET /__webpack_hmr HTTP/1.1" 200 - "http://localhost:8082/" "Mozilla/5.0 (iPhone; CPU iPhone OS 9_1 like Mac OS X) AppleWebKit/601.1.46 (KHTML, like Gecko) Version/9.0 Mobile/13B143 Safari/601.1"
::1 - - [21/Jul/2017:01:58:37 +0000] "GET /app.js HTTP/1.1" 304 - "http://localhost:8082/" "Mozilla/5.0 (iPhone; CPU iPhone OS 9_1 like Mac OS X) AppleWebKit/601.1.46 (KHTML, like Gecko) Version/9.0 Mobile/13B143 Safari/601.1"
::1 - - [21/Jul/2017:01:58:38 +0000] "GET / HTTP/1.1" 304 - "http://localhost:8082/" "Mozilla/5.0 (iPhone; CPU iPhone OS 9_1 like Mac OS X) AppleWebKit/601.1.46 (KHTML, like Gecko) Version/9.0 Mobile/13B143 Safari/601.1"
::1 - - [21/Jul/2017:01:58:38 +0000] "GET /__webpack_hmr HTTP/1.1" 200 - "http://localhost:8082/" "Mozilla/5.0 (iPhone; CPU iPhone OS 9_1 like Mac OS X) AppleWebKit/601.1.46 (KHTML, like Gecko) Version/9.0 Mobile/13B143 Safari/601.1"
::1 - - [21/Jul/2017:01:58:38 +0000] "GET /app.js HTTP/1.1" 304 - "http://localhost:8082/" "Mozilla/5.0 (iPhone; CPU iPhone OS 9_1 like Mac OS X) AppleWebKit/601.1.46 (KHTML, like Gecko) Version/9.0 Mobile/13B143 Safari/601.1"
::1 - - [21/Jul/2017:01:58:57 +0000] "GET / HTTP/1.1" 304 - "http://localhost:8082/" "Mozilla/5.0 (iPhone; CPU iPhone OS 9_1 like Mac OS X) AppleWebKit/601.1.46 (KHTML, like Gecko) Version/9.0 Mobile/13B143 Safari/601.1"
::1 - - [21/Jul/2017:01:58:57 +0000] "GET /__webpack_hmr HTTP/1.1" 200 - "http://localhost:8082/" "Mozilla/5.0 (iPhone; CPU iPhone OS 9_1 like Mac OS X) AppleWebKit/601.1.46 (KHTML, like Gecko) Version/9.0 Mobile/13B143 Safari/601.1"
::1 - - [21/Jul/2017:01:58:57 +0000] "GET /app.js HTTP/1.1" 304 - "http://localhost:8082/" "Mozilla/5.0 (iPhone; CPU iPhone OS 9_1 like Mac OS X) AppleWebKit/601.1.46 (KHTML, like Gecko) Version/9.0 Mobile/13B143 Safari/601.1"
